The system is: Windows - 10.0.18362 - AMD64
Compiling the C compiler identification source file "CMakeCCompilerId.c" succeeded.
Compiler: C:/Program Files (x86)/Microsoft Visual Studio/2019/Enterprise/VC/Tools/MSVC/14.25.28610/bin/Hostx86/x86/cl.exe 
Build flags: 
Id flags:  

The output was:
0
Microsoft (R) C/C++ Optimizing Compiler Version 19.25.28611 for x86
Copyright (C) Microsoft Corporation.  All rights reserved.

CMakeCCompilerId.c
Microsoft (R) Incremental Linker Version 14.25.28611.0
Copyright (C) Microsoft Corporation.  All rights reserved.

/out:CMakeCCompilerId.exe 
CMakeCCompilerId.obj 


Compilation of the C compiler identification source "CMakeCCompilerId.c" produced "CMakeCCompilerId.exe"

Compilation of the C compiler identification source "CMakeCCompilerId.c" produced "CMakeCCompilerId.obj"

The C compiler identification is MSVC, found in "C:/Users/User/CLionProjects/C-C++Studies/cmake-build-debug/CMakeFiles/3.16.5/CompilerIdC/CMakeCCompilerId.exe"

Determining if the C compiler works passed with the following output:
Change Dir: C:/Users/User/CLionProjects/C-C++Studies/cmake-build-debug/CMakeFiles/CMakeTmp

Run Build Command(s):nmake /nologo cmTC_8047c\fast && 	"C:\Program Files (x86)\Microsoft Visual Studio\2019\Enterprise\VC\Tools\MSVC\14.25.28610\bin\HostX86\x86\nmake.exe" -f CMakeFiles\cmTC_8047c.dir\build.make /nologo -L                  CMakeFiles\cmTC_8047c.dir\build
Building C object CMakeFiles/cmTC_8047c.dir/testCCompiler.c.obj
	C:\PROGRA~2\MICROS~4\2019\ENTERP~1\VC\Tools\MSVC\1425~1.286\bin\Hostx86\x86\cl.exe @C:\Users\User\AppData\Local\Temp\nm173F.tmp
testCCompiler.c
Linking C executable cmTC_8047c.exe
	"C:\Program Files\JetBrains\CLion 2020.1.1\bin\cmake\win\bin\cmake.exe" -E vs_link_exe --intdir=CMakeFiles\cmTC_8047c.dir --rc=C:\PROGRA~2\WI3CF2~1\10\bin\100183~1.0\x86\rc.exe --mt=C:\PROGRA~2\WI3CF2~1\10\bin\100183~1.0\x86\mt.exe --manifests  -- C:\PROGRA~2\MICROS~4\2019\ENTERP~1\VC\Tools\MSVC\1425~1.286\bin\Hostx86\x86\link.exe /nologo @CMakeFiles\cmTC_8047c.dir\objects1.rsp @C:\Users\User\AppData\Local\Temp\nm1BA5.tmp



Detecting C compiler ABI info compiled with the following output:
Change Dir: C:/Users/User/CLionProjects/C-C++Studies/cmake-build-debug/CMakeFiles/CMakeTmp

Run Build Command(s):nmake /nologo cmTC_ffdac\fast && 	"C:\Program Files (x86)\Microsoft Visual Studio\2019\Enterprise\VC\Tools\MSVC\14.25.28610\bin\HostX86\x86\nmake.exe" -f CMakeFiles\cmTC_ffdac.dir\build.make /nologo -L                  CMakeFiles\cmTC_ffdac.dir\build
Building C object CMakeFiles/cmTC_ffdac.dir/CMakeCCompilerABI.c.obj
	C:\PROGRA~2\MICROS~4\2019\ENTERP~1\VC\Tools\MSVC\1425~1.286\bin\Hostx86\x86\cl.exe @C:\Users\User\AppData\Local\Temp\nm2B44.tmp
CMakeCCompilerABI.c
Linking C executable cmTC_ffdac.exe
	"C:\Program Files\JetBrains\CLion 2020.1.1\bin\cmake\win\bin\cmake.exe" -E vs_link_exe --intdir=CMakeFiles\cmTC_ffdac.dir --rc=C:\PROGRA~2\WI3CF2~1\10\bin\100183~1.0\x86\rc.exe --mt=C:\PROGRA~2\WI3CF2~1\10\bin\100183~1.0\x86\mt.exe --manifests  -- C:\PROGRA~2\MICROS~4\2019\ENTERP~1\VC\Tools\MSVC\1425~1.286\bin\Hostx86\x86\link.exe /nologo @CMakeFiles\cmTC_ffdac.dir\objects1.rsp @C:\Users\User\AppData\Local\Temp\nm2C7D.tmp



